<?xml version="1.0" encoding="UTF-8"?>
<testng-results skipped="0" failed="0" ignored="0" total="1" passed="1">
  <reporter-output>
  </reporter-output>
  <suite name="Default suite" duration-ms="8044" started-at="2018-09-10T11:22:54Z" finished-at="2018-09-10T11:23:03Z">
    <groups>
    </groups>
    <test name="Default test" duration-ms="8044" started-at="2018-09-10T11:22:54Z" finished-at="2018-09-10T11:23:03Z">
      <class name="testcases1.Launchpage">
        <test-method status="PASS" signature="LaunchingBaseURL()[pri:0, instance:testcases1.Launchpage@1d057a39]" name="LaunchingBaseURL" duration-ms="8010" started-at="2018-09-10T11:22:55Z" finished-at="2018-09-10T11:23:03Z">
          <reporter-output>
          </reporter-output>
        </test-method> <!-- LaunchingBaseURL -->
      </class> <!-- testcases1.Launchpage -->
    </test> <!-- Default test -->
  </suite> <!-- Default suite -->
</testng-results>
